Training with small_train_loader
DataLoader Ready, Time Elapsed 2min
Epoch: 001, 0500/0999

EPOCH 1  TRAINING LOSS: 0.68111

--- TESTING TRAIN DATA ---
Target 0 Logit Mean: 0.5200  Min: 0.0745  Max: 0.8191  Median: 0.5308
Target 1 Logit Mean: 0.5663  Min: 0.1329  Max: 0.8373  Median: 0.5560
Acc: 0.5462, Recall: 0.9685, Prec: 0.5277, F1: 0.6832, AUC: 0.6416

--- TESTING TEST DATA ---
Target 0 Logit Mean: 0.5180  Min: 0.0775  Max: 0.8481  Median: 0.5296
Target 1 Logit Mean: 0.5645  Min: 0.1724  Max: 0.7945  Median: 0.5546
Acc: 0.6612, Recall: 0.5495, Prec: 0.1037, F1: 0.1745, AUC: 0.6530

Epoch: 002, 0500/0999

EPOCH 2  TRAINING LOSS: 0.66115

--- TESTING TRAIN DATA ---
Target 0 Logit Mean: 0.4499  Min: 0.0615  Max: 0.8023  Median: 0.4732
Target 1 Logit Mean: 0.5143  Min: 0.0919  Max: 0.8071  Median: 0.5187
Acc: 0.5361, Recall: 0.9878, Prec: 0.5170, F1: 0.6788, AUC: 0.6516

--- TESTING TEST DATA ---
Target 0 Logit Mean: 0.4491  Min: 0.0583  Max: 0.8137  Median: 0.4727
Target 1 Logit Mean: 0.5116  Min: 0.1354  Max: 0.7778  Median: 0.5167
Acc: 0.6259, Recall: 0.6017, Prec: 0.1012, F1: 0.1733, AUC: 0.6543

Epoch: 003, 0500/0999

EPOCH 3  TRAINING LOSS: 0.65474

--- TESTING TRAIN DATA ---
Target 0 Logit Mean: 0.3894  Min: 0.0203  Max: 0.8085  Median: 0.4293
Target 1 Logit Mean: 0.4766  Min: 0.0358  Max: 0.8117  Median: 0.4911
Acc: 0.5852, Recall: 0.9065, Prec: 0.5521, F1: 0.6862, AUC: 0.6681

--- TESTING TEST DATA ---
Target 0 Logit Mean: 0.3901  Min: 0.0198  Max: 0.8382  Median: 0.4291
Target 1 Logit Mean: 0.4707  Min: 0.0466  Max: 0.8179  Median: 0.4877
Acc: 0.7370, Recall: 0.4451, Prec: 0.1134, F1: 0.1807, AUC: 0.6577

Epoch: 004, 0500/0999

EPOCH 4  TRAINING LOSS: 0.65281

--- TESTING TRAIN DATA ---
Target 0 Logit Mean: 0.5035  Min: 0.0165  Max: 0.9026  Median: 0.5286
Target 1 Logit Mean: 0.5846  Min: 0.0762  Max: 0.8931  Median: 0.5871
Acc: 0.5637, Recall: 0.9576, Prec: 0.5343, F1: 0.6859, AUC: 0.6638

--- TESTING TEST DATA ---
Target 0 Logit Mean: 0.4996  Min: 0.0145  Max: 0.9185  Median: 0.5247
Target 1 Logit Mean: 0.5792  Min: 0.0755  Max: 0.8810  Median: 0.5820
Acc: 0.7545, Recall: 0.4206, Prec: 0.1165, F1: 0.1825, AUC: 0.6631

Epoch: 005, 0500/0999

EPOCH 5  TRAINING LOSS: 0.64431

--- TESTING TRAIN DATA ---
Target 0 Logit Mean: 0.4443  Min: 0.0018  Max: 0.7787  Median: 0.4816
Target 1 Logit Mean: 0.5197  Min: 0.0316  Max: 0.7818  Median: 0.5243
Acc: 0.5638, Recall: 0.9657, Prec: 0.5357, F1: 0.6891, AUC: 0.6676

--- TESTING TEST DATA ---
Target 0 Logit Mean: 0.4410  Min: 0.0014  Max: 0.7934  Median: 0.4788
Target 1 Logit Mean: 0.5150  Min: 0.0454  Max: 0.7730  Median: 0.5242
Acc: 0.7999, Recall: 0.3331, Prec: 0.1217, F1: 0.1782, AUC: 0.6644

Epoch: 006, 0500/0999

EPOCH 6  TRAINING LOSS: 0.64695

--- TESTING TRAIN DATA ---
Target 0 Logit Mean: 0.4554  Min: 0.0133  Max: 0.8652  Median: 0.4822
Target 1 Logit Mean: 0.5491  Min: 0.0647  Max: 0.8715  Median: 0.5553
Acc: 0.5797, Recall: 0.9612, Prec: 0.5474, F1: 0.6975, AUC: 0.6744

--- TESTING TEST DATA ---
Target 0 Logit Mean: 0.4531  Min: 0.0107  Max: 0.9009  Median: 0.4782
Target 1 Logit Mean: 0.5381  Min: 0.0704  Max: 0.8725  Median: 0.5513
Acc: 0.7038, Recall: 0.5035, Prec: 0.1106, F1: 0.1813, AUC: 0.6656

Epoch: 007, 0500/0999

EPOCH 7  TRAINING LOSS: 0.64230

--- TESTING TRAIN DATA ---
Target 0 Logit Mean: 0.4821  Min: 0.0027  Max: 0.8958  Median: 0.5168
Target 1 Logit Mean: 0.5798  Min: 0.0600  Max: 0.9024  Median: 0.5834
Acc: 0.5757, Recall: 0.9754, Prec: 0.5431, F1: 0.6977, AUC: 0.6682

--- TESTING TEST DATA ---
Target 0 Logit Mean: 0.4793  Min: 0.0009  Max: 0.9178  Median: 0.5139
Target 1 Logit Mean: 0.5717  Min: 0.0112  Max: 0.8964  Median: 0.5868
Acc: 0.7485, Recall: 0.4474, Prec: 0.1192, F1: 0.1882, AUC: 0.6694

Epoch: 008, 0500/0999

EPOCH 8  TRAINING LOSS: 0.64133

--- TESTING TRAIN DATA ---
Target 0 Logit Mean: 0.4234  Min: 0.0119  Max: 0.7608  Median: 0.4437
Target 1 Logit Mean: 0.5019  Min: 0.0951  Max: 0.7497  Median: 0.5046
Acc: 0.5778, Recall: 0.9668, Prec: 0.5455, F1: 0.6975, AUC: 0.6842

--- TESTING TEST DATA ---
Target 0 Logit Mean: 0.4238  Min: 0.0053  Max: 0.7798  Median: 0.4454
Target 1 Logit Mean: 0.4950  Min: 0.0716  Max: 0.7701  Median: 0.5020
Acc: 0.7050, Recall: 0.5096, Prec: 0.1121, F1: 0.1837, AUC: 0.6700

Epoch: 009, 0500/0999

EPOCH 9  TRAINING LOSS: 0.63772

--- TESTING TRAIN DATA ---
Target 0 Logit Mean: 0.4593  Min: 0.0012  Max: 0.8315  Median: 0.4954
Target 1 Logit Mean: 0.5608  Min: 0.0452  Max: 0.8602  Median: 0.5628
Acc: 0.5960, Recall: 0.9348, Prec: 0.5587, F1: 0.6994, AUC: 0.6859

--- TESTING TEST DATA ---
Target 0 Logit Mean: 0.4570  Min: 0.0007  Max: 0.8780  Median: 0.4926
Target 1 Logit Mean: 0.5467  Min: 0.0258  Max: 0.8677  Median: 0.5568
Acc: 0.8040, Recall: 0.3323, Prec: 0.1243, F1: 0.1809, AUC: 0.6672

Epoch: 010, 0500/0999

EPOCH 10  TRAINING LOSS: 0.63948

--- TESTING TRAIN DATA ---
Target 0 Logit Mean: 0.4881  Min: 0.0004  Max: 0.8695  Median: 0.5355
Target 1 Logit Mean: 0.5940  Min: 0.0895  Max: 0.8812  Median: 0.5998
Acc: 0.5910, Recall: 0.9525, Prec: 0.5539, F1: 0.7004, AUC: 0.6788

--- TESTING TEST DATA ---
Target 0 Logit Mean: 0.4849  Min: 0.0001  Max: 0.9010  Median: 0.5340
Target 1 Logit Mean: 0.5736  Min: 0.0086  Max: 0.8844  Median: 0.5912
Acc: 0.7154, Recall: 0.4643, Prec: 0.1081, F1: 0.1753, AUC: 0.6558

Epoch: 011, 0500/0999

EPOCH 11  TRAINING LOSS: 0.63045

--- TESTING TRAIN DATA ---
Target 0 Logit Mean: 0.4612  Min: 0.0000  Max: 0.8791  Median: 0.5075
Target 1 Logit Mean: 0.5834  Min: 0.0829  Max: 0.9044  Median: 0.5877
Acc: 0.6005, Recall: 0.9322, Prec: 0.5574, F1: 0.6977, AUC: 0.6908

--- TESTING TEST DATA ---
Target 0 Logit Mean: 0.4579  Min: 0.0000  Max: 0.8956  Median: 0.5067
Target 1 Logit Mean: 0.5615  Min: 0.0020  Max: 0.9047  Median: 0.5797
Acc: 0.7538, Recall: 0.4344, Prec: 0.1191, F1: 0.1870, AUC: 0.6662

Epoch: 012, 0500/0999

EPOCH 12  TRAINING LOSS: 0.62692

--- TESTING TRAIN DATA ---
Target 0 Logit Mean: 0.4830  Min: 0.0000  Max: 0.9294  Median: 0.5471
Target 1 Logit Mean: 0.6352  Min: 0.1006  Max: 0.9552  Median: 0.6482
Acc: 0.6037, Recall: 0.9584, Prec: 0.5614, F1: 0.7080, AUC: 0.6998

--- TESTING TEST DATA ---
Target 0 Logit Mean: 0.4848  Min: 0.0000  Max: 0.9549  Median: 0.5499
Target 1 Logit Mean: 0.6072  Min: 0.0003  Max: 0.9579  Median: 0.6398
Acc: 0.7286, Recall: 0.4697, Prec: 0.1144, F1: 0.1840, AUC: 0.6655

Epoch: 013, 0500/0999

EPOCH 13  TRAINING LOSS: 0.62494

--- TESTING TRAIN DATA ---
Target 0 Logit Mean: 0.4747  Min: 0.0000  Max: 0.8511  Median: 0.5084
Target 1 Logit Mean: 0.5809  Min: 0.1899  Max: 0.9474  Median: 0.5798
Acc: 0.5992, Recall: 0.9521, Prec: 0.5599, F1: 0.7052, AUC: 0.6862

--- TESTING TEST DATA ---
Target 0 Logit Mean: 0.4708  Min: 0.0000  Max: 0.9326  Median: 0.5049
Target 1 Logit Mean: 0.5588  Min: 0.0042  Max: 0.8702  Median: 0.5731
Acc: 0.7641, Recall: 0.3868, Prec: 0.1139, F1: 0.1760, AUC: 0.6564

Epoch: 014, 0500/0999

EPOCH 14  TRAINING LOSS: 0.61578

--- TESTING TRAIN DATA ---
Target 0 Logit Mean: 0.3676  Min: 0.0000  Max: 0.8733  Median: 0.4159
Target 1 Logit Mean: 0.5107  Min: 0.0058  Max: 0.9003  Median: 0.5207
Acc: 0.5997, Recall: 0.9725, Prec: 0.5579, F1: 0.7091, AUC: 0.6972

--- TESTING TEST DATA ---
Target 0 Logit Mean: 0.3659  Min: 0.0000  Max: 0.8965  Median: 0.4151
Target 1 Logit Mean: 0.4736  Min: 0.0000  Max: 0.8868  Median: 0.5041
Acc: 0.7765, Recall: 0.3722, Prec: 0.1172, F1: 0.1783, AUC: 0.6502

